[{"line":7,"elements":[{"start_timestamp":"2022-08-31T16:46:16.465Z","before":[{"result":{"duration":1000000,"status":"passed"},"match":{"location":"StepDefinitions.Hooks.before()"}}],"line":10,"name":"Login with valid username and password","description":"","id":"login-functionality;login-with-valid-username-and-password","after":[{"result":{"duration":7326000000,"status":"passed"},"match":{"location":"StepDefinitions.Hooks.after(io.cucumber.java.Scenario)"}}],"type":"scenario","keyword":"Scenario","steps":[{"result":{"duration":9980000000,"status":"passed"},"line":12,"name":"Navigate to basqar","match":{"location":"StepDefinitions._01_LoginSteps.navigateToBasqar()"},"keyword":"Given "},{"result":{"duration":1027000000,"status":"passed"},"line":13,"name":"Enter username and password and click login button","match":{"location":"StepDefinitions._01_LoginSteps.enterUsernameAndPasswordAndClickLoginButton()"},"keyword":"When "},{"result":{"duration":1698000000,"status":"passed"},"line":14,"name":"User should login successfully","match":{"location":"StepDefinitions._01_LoginSteps.userShouldLoginSuccessfully()"},"keyword":"Then "}],"tags":[{"name":"@SmokeTest"},{"name":"@Regression"}]}],"name":"Login Functionality","description":"","id":"login-functionality","keyword":"Feature","uri":"file:src/test/java/FeatureFiles/_01_Login.feature","tags":[]},{"line":1,"elements":[{"line":3,"name":"","description":"","type":"background","keyword":"Background","steps":[{"result":{"duration":8603000000,"status":"passed"},"line":4,"name":"Navigate to basqar","match":{"location":"StepDefinitions._01_LoginSteps.navigateToBasqar()"},"keyword":"Given "},{"result":{"duration":798000000,"status":"passed"},"line":5,"name":"Enter username and password and click login button","match":{"location":"StepDefinitions._01_LoginSteps.enterUsernameAndPasswordAndClickLoginButton()"},"keyword":"When "},{"result":{"duration":5630000000,"status":"passed"},"line":6,"name":"User should login successfully","match":{"location":"StepDefinitions._01_LoginSteps.userShouldLoginSuccessfully()"},"keyword":"Then "},{"result":{"duration":989000000,"status":"passed"},"line":7,"name":"Navigate to country page","match":{"location":"StepDefinitions._02_CountrySteps.navigateToCountryPage()"},"keyword":"And "}]},{"start_timestamp":"2022-08-31T16:46:36.518Z","before":[{"result":{"status":"passed"},"match":{"location":"StepDefinitions.Hooks.before()"}}],"line":10,"name":"Create a country","description":"","id":"country-multi-scenario;create-a-country","after":[{"result":{"duration":5818000000,"status":"passed"},"match":{"location":"StepDefinitions.Hooks.after(io.cucumber.java.Scenario)"}}],"type":"scenario","keyword":"Scenario","steps":[{"result":{"duration":2323000000,"status":"passed"},"line":11,"name":"Create a country","match":{"location":"StepDefinitions._02_CountrySteps.createACountry()"},"keyword":"When "},{"result":{"duration":26809000000,"status":"passed"},"line":12,"name":"Success message should be displayed","match":{"location":"StepDefinitions._02_CountrySteps.successMessageShouldBeDisplayed()"},"keyword":"Then "}],"tags":[{"name":"@Regression"}]},{"line":3,"name":"","description":"","type":"background","keyword":"Background","steps":[{"result":{"duration":5704000000,"status":"passed"},"line":4,"name":"Navigate to basqar","match":{"location":"StepDefinitions._01_LoginSteps.navigateToBasqar()"},"keyword":"Given "},{"result":{"duration":1424000000,"status":"passed"},"line":5,"name":"Enter username and password and click login button","match":{"location":"StepDefinitions._01_LoginSteps.enterUsernameAndPasswordAndClickLoginButton()"},"keyword":"When "},{"result":{"duration":2244000000,"status":"passed"},"line":6,"name":"User should login successfully","match":{"location":"StepDefinitions._01_LoginSteps.userShouldLoginSuccessfully()"},"keyword":"Then "},{"result":{"duration":881000000,"status":"passed"},"line":7,"name":"Navigate to country page","match":{"location":"StepDefinitions._02_CountrySteps.navigateToCountryPage()"},"keyword":"And "}]},{"start_timestamp":"2022-08-31T16:47:27.496Z","before":[{"result":{"status":"passed"},"match":{"location":"StepDefinitions.Hooks.before()"}}],"line":15,"name":"Create a country parameter data","description":"","id":"country-multi-scenario;create-a-country-parameter-data","after":[{"result":{"duration":6429000000,"status":"passed"},"match":{"location":"StepDefinitions.Hooks.after(io.cucumber.java.Scenario)"}}],"type":"scenario","keyword":"Scenario","steps":[{"result":{"duration":1650000000,"status":"passed"},"line":16,"name":"Create a country name as \"Sinan1\" code as \"name1\"","match":{"arguments":[{"val":"\"Sinan1\"","offset":25},{"val":"\"name1\"","offset":42}],"location":"StepDefinitions._02_CountrySteps.createACountryNameAsCodeAs(java.lang.String,java.lang.String)"},"keyword":"When "},{"result":{"error_message":"org.openqa.selenium.TimeoutException: Expected condition failed: waiting for visibility of Proxy element for: DefaultElementLocator 'By.xpath: //div[contains(text(),'successfully')]' (tried for 30 second(s) with 500 milliseconds interval)\r\n\tat org.openqa.selenium.support.ui.WebDriverWait.timeoutException(WebDriverWait.java:87)\r\n\tat org.openqa.selenium.support.ui.FluentWait.until(FluentWait.java:231)\r\n\tat Pages.Parent.waitUntilVisible(Parent.java:28)\r\n\tat Pages.Parent.verifyContainsText(Parent.java:50)\r\n\tat Pages.DialogueContent.findAndContainsText(DialogueContent.java:120)\r\n\tat StepDefinitions._02_CountrySteps.successMessageShouldBeDisplayed(_02_CountrySteps.java:36)\r\n\tat âœ½.Success message should be displayed(file:///C:/Users/rsina/IdeaProjects/Cucumber_Kursu3/src/test/java/FeatureFiles/_03_CountryMultipleScenarios.feature:17)\r\nCaused by: org.openqa.selenium.NoSuchElementException: Unable to locate element: //div[contains(text(),'successfully')]\nFor documentation on this error, please visit: https://selenium.dev/exceptions/#no_such_element\nBuild info: version: '4.3.0', revision: 'a4995e2c09*'\nSystem info: host: 'LAPTOP-CFTSQDRE', ip: '192.168.1.99', os.name: 'Windows 11', os.arch: 'amd64', os.version: '10.0', java.version: '1.8.0_331'\nDriver info: org.openqa.selenium.firefox.FirefoxDriver\nCommand: [b4f7fb5e-38c5-4e85-b3db-76d51720a4d7, findElement {using=xpath, value=//div[contains(text(),'successfully')]}]\nCapabilities {acceptInsecureCerts: true, browserName: firefox, browserVersion: 104.0.1, moz:accessibilityChecks: false, moz:buildID: 20220829141339, moz:debuggerAddress: localhost:49821, moz:geckodriverVersion: 0.31.0, moz:headless: false, moz:platformVersion: 10.0, moz:processID: 4432, moz:profile: C:\\Users\\rsina\\AppData\\Loca..., moz:shutdownTimeout: 60000, moz:useNonSpecCompliantPointerOrigin: false, moz:webdriverClick: true, moz:windowless: false, pageLoadStrategy: normal, platformName: WINDOWS, proxy: Proxy(), se:cdp: ws://localhost:49821/devtoo..., se:cdpVersion: 85.0, setWindowRect: true, strictFileInteractability: false, timeouts: {implicit: 0, pageLoad: 300000, script: 30000}, unhandledPromptBehavior: dismiss and notify}\nSession ID: b4f7fb5e-38c5-4e85-b3db-76d51720a4d7\r\n\tat sun.reflect.GeneratedConstructorAccessor21.newInstance(Unknown Source)\r\n\tat sun.reflect.DelegatingConstructorAccessorImpl.newInstance(DelegatingConstructorAccessorImpl.java:45)\r\n\tat java.lang.reflect.Constructor.newInstance(Constructor.java:423)\r\n\tat org.openqa.selenium.remote.codec.w3c.W3CHttpResponseCodec.createException(W3CHttpResponseCodec.java:200)\r\n\tat org.openqa.selenium.remote.codec.w3c.W3CHttpResponseCodec.decode(W3CHttpResponseCodec.java:133)\r\n\tat org.openqa.selenium.remote.codec.w3c.W3CHttpResponseCodec.decode(W3CHttpResponseCodec.java:53)\r\n\tat org.openqa.selenium.remote.HttpCommandExecutor.execute(HttpCommandExecutor.java:184)\r\n\tat org.openqa.selenium.remote.service.DriverCommandExecutor.invokeExecute(DriverCommandExecutor.java:167)\r\n\tat org.openqa.selenium.remote.service.DriverCommandExecutor.execute(DriverCommandExecutor.java:142)\r\n\tat org.openqa.selenium.remote.RemoteWebDriver.execute(RemoteWebDriver.java:569)\r\n\tat org.openqa.selenium.remote.ElementLocation$ElementFinder$2.findElement(ElementLocation.java:162)\r\n\tat org.openqa.selenium.remote.ElementLocation.findElement(ElementLocation.java:60)\r\n\tat org.openqa.selenium.remote.RemoteWebDriver.findElement(RemoteWebDriver.java:387)\r\n\tat org.openqa.selenium.remote.RemoteWebDriver.findElement(RemoteWebDriver.java:379)\r\n\tat org.openqa.selenium.support.pagefactory.DefaultElementLocator.findElement(DefaultElementLocator.java:70)\r\n\tat org.openqa.selenium.support.pagefactory.internal.LocatingElementHandler.invoke(LocatingElementHandler.java:39)\r\n\tat com.sun.proxy.$Proxy27.isDisplayed(Unknown Source)\r\n\tat org.openqa.selenium.support.ui.ExpectedConditions.elementIfVisible(ExpectedConditions.java:307)\r\n\tat org.openqa.selenium.support.ui.ExpectedConditions.access$000(ExpectedConditions.java:40)\r\n\tat org.openqa.selenium.support.ui.ExpectedConditions$10.apply(ExpectedConditions.java:293)\r\n\tat org.openqa.selenium.support.ui.ExpectedConditions$10.apply(ExpectedConditions.java:290)\r\n\tat org.openqa.selenium.support.ui.FluentWait.until(FluentWait.java:208)\r\n\tat Pages.Parent.waitUntilVisible(Parent.java:28)\r\n\tat Pages.Parent.verifyContainsText(Parent.java:50)\r\n\tat Pages.DialogueContent.findAndContainsText(DialogueContent.java:120)\r\n\tat StepDefinitions._02_CountrySteps.successMessageShouldBeDisplayed(_02_CountrySteps.java:36)\r\n\tat sun.reflect.NativeMethodAccessorImpl.invoke0(Native Method)\r\n\tat sun.reflect.NativeMethodAccessorImpl.invoke(NativeMethodAccessorImpl.java:62)\r\n\tat sun.reflect.DelegatingMethodAccessorImpl.invoke(DelegatingMethodAccessorImpl.java:43)\r\n\tat java.lang.reflect.Method.invoke(Method.java:498)\r\n\tat io.cucumber.java.Invoker.doInvoke(Invoker.java:66)\r\n\tat io.cucumber.java.Invoker.invoke(Invoker.java:24)\r\n\tat io.cucumber.java.AbstractGlueDefinition.invokeMethod(AbstractGlueDefinition.java:47)\r\n\tat io.cucumber.java.JavaStepDefinition.execute(JavaStepDefinition.java:29)\r\n\tat io.cucumber.core.runner.CoreStepDefinition.execute(CoreStepDefinition.java:66)\r\n\tat io.cucumber.core.runner.PickleStepDefinitionMatch.runStep(PickleStepDefinitionMatch.java:63)\r\n\tat io.cucumber.core.runner.ExecutionMode$1.execute(ExecutionMode.java:10)\r\n\tat io.cucumber.core.runner.TestStep.executeStep(TestStep.java:85)\r\n\tat io.cucumber.core.runner.TestStep.run(TestStep.java:57)\r\n\tat io.cucumber.core.runner.PickleStepTestStep.run(PickleStepTestStep.java:51)\r\n\tat io.cucumber.core.runner.TestCase.run(TestCase.java:84)\r\n\tat io.cucumber.core.runner.Runner.runPickle(Runner.java:75)\r\n\tat io.cucumber.testng.TestNGCucumberRunner.lambda$runScenario$1(TestNGCucumberRunner.java:132)\r\n\tat io.cucumber.core.runtime.CucumberExecutionContext.lambda$runTestCase$5(CucumberExecutionContext.java:129)\r\n\tat io.cucumber.core.runtime.RethrowingThrowableCollector.executeAndThrow(RethrowingThrowableCollector.java:23)\r\n\tat io.cucumber.core.runtime.CucumberExecutionContext.runTestCase(CucumberExecutionContext.java:129)\r\n\tat io.cucumber.testng.TestNGCucumberRunner.runScenario(TestNGCucumberRunner.java:129)\r\n\tat io.cucumber.testng.AbstractTestNGCucumberTests.runScenario(AbstractTestNGCucumberTests.java:35)\r\n\tat sun.reflect.NativeMethodAccessorImpl.invoke0(Native Method)\r\n\tat sun.reflect.NativeMethodAccessorImpl.invoke(NativeMethodAccessorImpl.java:62)\r\n\tat sun.reflect.DelegatingMethodAccessorImpl.invoke(DelegatingMethodAccessorImpl.java:43)\r\n\tat java.lang.reflect.Method.invoke(Method.java:498)\r\n\tat org.testng.internal.MethodInvocationHelper.invokeMethod(MethodInvocationHelper.java:84)\r\n\tat org.testng.internal.Invoker.invokeMethod(Invoker.java:714)\r\n\tat org.testng.internal.Invoker.invokeTestMethod(Invoker.java:901)\r\n\tat org.testng.internal.Invoker.invokeTestMethods(Invoker.java:1231)\r\n\tat org.testng.internal.TestMethodWorker.invokeTestMethods(TestMethodWorker.java:127)\r\n\tat org.testng.internal.TestMethodWorker.run(TestMethodWorker.java:111)\r\n\tat org.testng.TestRunner.privateRun(TestRunner.java:767)\r\n\tat org.testng.TestRunner.run(TestRunner.java:617)\r\n\tat org.testng.SuiteRunner.runTest(SuiteRunner.java:334)\r\n\tat org.testng.SuiteRunner.access$000(SuiteRunner.java:37)\r\n\tat org.testng.SuiteRunner$SuiteWorker.run(SuiteRunner.java:368)\r\n\tat org.testng.internal.thread.ThreadUtil$2.call(ThreadUtil.java:64)\r\n\tat java.util.concurrent.FutureTask.run(FutureTask.java:266)\r\n\tat java.util.concurrent.ThreadPoolExecutor.runWorker(ThreadPoolExecutor.java:1149)\r\n\tat java.util.concurrent.ThreadPoolExecutor$Worker.run(ThreadPoolExecutor.java:624)\r\n\tat java.lang.Thread.run(Thread.java:750)\r\n","duration":30126000000,"status":"failed"},"line":17,"name":"Success message should be displayed","match":{"location":"StepDefinitions._02_CountrySteps.successMessageShouldBeDisplayed()"},"keyword":"Then "}],"tags":[{"name":"@Regression"}]}],"name":"Country Multi Scenario","description":"","id":"country-multi-scenario","keyword":"Feature","uri":"file:src/test/java/FeatureFiles/_03_CountryMultipleScenarios.feature","tags":[]}]/FeatureFiles/_03_CountryMultipleScenarios.feature","tags":[]}]